<?xml version="1.0" encoding="UTF-8"?>
<!-- Generated by org.testng.reporters.JUnitReportReporter -->
<testsuite hostname="karishmas-MacBook-Air.local" failures="0" tests="3" name="TestNgClasses.TestNG5_DataProvider" time="24.619" errors="0" timestamp="2025-01-07T14:06:30 IST" skipped="0">
  <testcase classname="TestNgClasses.TestNG5_DataProvider" name="enterData" time="8.186"/>
  <system-out/>
  <testcase classname="TestNgClasses.TestNG5_DataProvider" name="enterData" time="8.182"/>
  <system-out/>
  <testcase classname="TestNgClasses.TestNG5_DataProvider" name="enterData" time="8.251"/>
  <system-out/>
</testsuite> <!-- TestNgClasses.TestNG5_DataProvider -->
