<?xml version="1.0" encoding="UTF-8"?>
<!-- Generated by org.testng.reporters.JUnitReportReporter -->
<testsuite hostname="karishmas-MacBook-Air.local" failures="0" tests="3" name="TestNgClasses.TestNG5_DataProvider" time="24.625" errors="0" timestamp="2025-01-05T21:30:49 IST" skipped="0">
  <testcase classname="TestNgClasses.TestNG5_DataProvider" name="enterData" time="8.189"/>
  <system-out/>
  <testcase classname="TestNgClasses.TestNG5_DataProvider" name="enterData" time="8.189"/>
  <system-out/>
  <testcase classname="TestNgClasses.TestNG5_DataProvider" name="enterData" time="8.247"/>
  <system-out/>
</testsuite> <!-- TestNgClasses.TestNG5_DataProvider -->
