<?xml version="1.0" encoding="UTF-8"?>
<!-- Generated by org.testng.reporters.JUnitReportReporter -->
<testsuite hostname="karishmas-MacBook-Air.local" failures="0" tests="4" name="TestNgClasses.TestNG2" time="0.009" errors="0" timestamp="2025-01-04T21:38:45 IST" skipped="0">
  <testcase classname="TestNgClasses.TestNG2" name="a" time="0.008"/>
  <system-out/>
  <testcase classname="TestNgClasses.TestNG2" name="b" time="0.000"/>
  <system-out/>
  <testcase classname="TestNgClasses.TestNG2" name="d" time="0.001"/>
  <system-out/>
  <testcase classname="TestNgClasses.TestNG2" name="c" time="0.000"/>
  <system-out/>
</testsuite> <!-- TestNgClasses.TestNG2 -->
