<?xml version="1.0" encoding="UTF-8"?>
<!-- Generated by org.testng.reporters.JUnitReportReporter -->
<testsuite hostname="karishmas-MacBook-Air.local" failures="0" tests="2" name="TestNgClasses.TestNG1" time="0.002" errors="0" timestamp="2025-01-04T13:23:04 IST" skipped="0">
  <testcase classname="TestNgClasses.TestNG1" name="a1" time="0.002"/>
  <system-out/>
  <testcase classname="TestNgClasses.TestNG1" name="a2" time="0.000"/>
  <system-out/>
</testsuite> <!-- TestNgClasses.TestNG1 -->
