<?xml version="1.0" encoding="UTF-8"?>
<!-- Generated by org.testng.reporters.JUnitReportReporter -->
<testsuite hostname="karishmas-MacBook-Air.local" failures="0" tests="1" name="TestNgClasses.Assertions" time="2.989" errors="0" timestamp="2025-01-07T13:08:08 IST" skipped="0">
  <testcase classname="TestNgClasses.Assertions" name="testCase1" time="2.989"/>
  <system-out/>
</testsuite> <!-- TestNgClasses.Assertions -->
