<?xml version="1.0" encoding="UTF-8"?>
<!-- Generated by org.testng.reporters.JUnitReportReporter -->
<testsuite hostname="karishmas-MacBook-Air.local" failures="0" tests="2" name="TestNgClasses.TestNG3_SkippingTC" time="0.006" errors="0" timestamp="2025-01-04T22:54:33 IST" skipped="2">
  <testcase classname="TestNgClasses.TestNG3_SkippingTC" name="f" time="0.006">
    <skipped/>
  </testcase> <!-- f -->
  <system-out/>
  <testcase classname="TestNgClasses.TestNG3_SkippingTC" name="b">
    <skipped/>
  </testcase> <!-- b -->
  <system-out/>
</testsuite> <!-- TestNgClasses.TestNG3_SkippingTC -->
