<?xml version="1.0" encoding="UTF-8"?>
<!-- Generated by org.testng.reporters.JUnitReportReporter -->
<testsuite hostname="karishmas-MacBook-Air.local" failures="0" tests="4" name="TestNgClasses.TestNG2_Sequencing_and_Priorotized" time="0.007" errors="0" timestamp="2025-01-07T13:14:51 IST" skipped="0">
  <testcase classname="TestNgClasses.TestNG2_Sequencing_and_Priorotized" name="a" time="0.006"/>
  <system-out/>
  <testcase classname="TestNgClasses.TestNG2_Sequencing_and_Priorotized" name="d" time="0.000"/>
  <system-out/>
  <testcase classname="TestNgClasses.TestNG2_Sequencing_and_Priorotized" name="b" time="0.001"/>
  <system-out/>
  <testcase classname="TestNgClasses.TestNG2_Sequencing_and_Priorotized" name="c" time="0.000"/>
  <system-out/>
</testsuite> <!-- TestNgClasses.TestNG2_Sequencing_and_Priorotized -->
